Version 4.0 HI-TECH Software Intermediate Code
[p mainexit ]
"310 C:/Program Files/Microchip/MPLABX/v5.45/packs/Microchip/PIC16Fxxx_DFP/1.2.33/xc8\pic\include\proc\pic16f628a.h
[; ;C:/Program Files/Microchip/MPLABX/v5.45/packs/Microchip/PIC16Fxxx_DFP/1.2.33/xc8\pic\include\proc\pic16f628a.h: 310: extern volatile unsigned char INTCON __attribute__((address(0x00B)));
[v _INTCON `Vuc ~T0 @X0 0 e@11 ]
"837
[; ;C:/Program Files/Microchip/MPLABX/v5.45/packs/Microchip/PIC16Fxxx_DFP/1.2.33/xc8\pic\include\proc\pic16f628a.h: 837: extern volatile unsigned char OPTION_REG __attribute__((address(0x081)));
[v _OPTION_REG `Vuc ~T0 @X0 0 e@129 ]
"969
[; ;C:/Program Files/Microchip/MPLABX/v5.45/packs/Microchip/PIC16Fxxx_DFP/1.2.33/xc8\pic\include\proc\pic16f628a.h: 969: extern volatile unsigned char TRISB __attribute__((address(0x086)));
[v _TRISB `Vuc ~T0 @X0 0 e@134 ]
"228
[; ;C:/Program Files/Microchip/MPLABX/v5.45/packs/Microchip/PIC16Fxxx_DFP/1.2.33/xc8\pic\include\proc\pic16f628a.h: 228: extern volatile unsigned char PORTB __attribute__((address(0x006)));
[v _PORTB `Vuc ~T0 @X0 0 e@6 ]
"907
[; ;C:/Program Files/Microchip/MPLABX/v5.45/packs/Microchip/PIC16Fxxx_DFP/1.2.33/xc8\pic\include\proc\pic16f628a.h: 907: extern volatile unsigned char TRISA __attribute__((address(0x085)));
[v _TRISA `Vuc ~T0 @X0 0 e@133 ]
"166
[; ;C:/Program Files/Microchip/MPLABX/v5.45/packs/Microchip/PIC16Fxxx_DFP/1.2.33/xc8\pic\include\proc\pic16f628a.h: 166: extern volatile unsigned char PORTA __attribute__((address(0x005)));
[v _PORTA `Vuc ~T0 @X0 0 e@5 ]
[v F461 `(v ~T0 @X0 1 tf1`ul ]
"92 C:/Program Files/Microchip/MPLABX/v5.45/packs/Microchip/PIC16Fxxx_DFP/1.2.33/xc8\pic\include\pic.h
[v __delay `JF461 ~T0 @X0 0 e ]
[p i __delay ]
[t ~ __interrupt . k ]
[t T1 __interrupt ]
"13 main.c
[p x FOSC  =  HS         ]
"14
[p x WDTE  =  OFF        ]
"15
[p x PWRTE  =  ON        ]
"16
[p x MCLRE  =  ON        ]
"17
[p x BOREN  =  ON        ]
"18
[p x LVP  =  OFF         ]
"19
[p x CPD  =  OFF         ]
"20
[p x CP  =  OFF          ]
"54 C:/Program Files/Microchip/MPLABX/v5.45/packs/Microchip/PIC16Fxxx_DFP/1.2.33/xc8\pic\include\proc\pic16f628a.h
[; ;C:/Program Files/Microchip/MPLABX/v5.45/packs/Microchip/PIC16Fxxx_DFP/1.2.33/xc8\pic\include\proc\pic16f628a.h: 54: __asm("INDF equ 00h");
[; <" INDF equ 00h ;# ">
"61
[; ;C:/Program Files/Microchip/MPLABX/v5.45/packs/Microchip/PIC16Fxxx_DFP/1.2.33/xc8\pic\include\proc\pic16f628a.h: 61: __asm("TMR0 equ 01h");
[; <" TMR0 equ 01h ;# ">
"68
[; ;C:/Program Files/Microchip/MPLABX/v5.45/packs/Microchip/PIC16Fxxx_DFP/1.2.33/xc8\pic\include\proc\pic16f628a.h: 68: __asm("PCL equ 02h");
[; <" PCL equ 02h ;# ">
"75
[; ;C:/Program Files/Microchip/MPLABX/v5.45/packs/Microchip/PIC16Fxxx_DFP/1.2.33/xc8\pic\include\proc\pic16f628a.h: 75: __asm("STATUS equ 03h");
[; <" STATUS equ 03h ;# ">
"161
[; ;C:/Program Files/Microchip/MPLABX/v5.45/packs/Microchip/PIC16Fxxx_DFP/1.2.33/xc8\pic\include\proc\pic16f628a.h: 161: __asm("FSR equ 04h");
[; <" FSR equ 04h ;# ">
"168
[; ;C:/Program Files/Microchip/MPLABX/v5.45/packs/Microchip/PIC16Fxxx_DFP/1.2.33/xc8\pic\include\proc\pic16f628a.h: 168: __asm("PORTA equ 05h");
[; <" PORTA equ 05h ;# ">
"230
[; ;C:/Program Files/Microchip/MPLABX/v5.45/packs/Microchip/PIC16Fxxx_DFP/1.2.33/xc8\pic\include\proc\pic16f628a.h: 230: __asm("PORTB equ 06h");
[; <" PORTB equ 06h ;# ">
"292
[; ;C:/Program Files/Microchip/MPLABX/v5.45/packs/Microchip/PIC16Fxxx_DFP/1.2.33/xc8\pic\include\proc\pic16f628a.h: 292: __asm("PCLATH equ 0Ah");
[; <" PCLATH equ 0Ah ;# ">
"312
[; ;C:/Program Files/Microchip/MPLABX/v5.45/packs/Microchip/PIC16Fxxx_DFP/1.2.33/xc8\pic\include\proc\pic16f628a.h: 312: __asm("INTCON equ 0Bh");
[; <" INTCON equ 0Bh ;# ">
"390
[; ;C:/Program Files/Microchip/MPLABX/v5.45/packs/Microchip/PIC16Fxxx_DFP/1.2.33/xc8\pic\include\proc\pic16f628a.h: 390: __asm("PIR1 equ 0Ch");
[; <" PIR1 equ 0Ch ;# ">
"447
[; ;C:/Program Files/Microchip/MPLABX/v5.45/packs/Microchip/PIC16Fxxx_DFP/1.2.33/xc8\pic\include\proc\pic16f628a.h: 447: __asm("TMR1 equ 0Eh");
[; <" TMR1 equ 0Eh ;# ">
"454
[; ;C:/Program Files/Microchip/MPLABX/v5.45/packs/Microchip/PIC16Fxxx_DFP/1.2.33/xc8\pic\include\proc\pic16f628a.h: 454: __asm("TMR1L equ 0Eh");
[; <" TMR1L equ 0Eh ;# ">
"461
[; ;C:/Program Files/Microchip/MPLABX/v5.45/packs/Microchip/PIC16Fxxx_DFP/1.2.33/xc8\pic\include\proc\pic16f628a.h: 461: __asm("TMR1H equ 0Fh");
[; <" TMR1H equ 0Fh ;# ">
"468
[; ;C:/Program Files/Microchip/MPLABX/v5.45/packs/Microchip/PIC16Fxxx_DFP/1.2.33/xc8\pic\include\proc\pic16f628a.h: 468: __asm("T1CON equ 010h");
[; <" T1CON equ 010h ;# ">
"527
[; ;C:/Program Files/Microchip/MPLABX/v5.45/packs/Microchip/PIC16Fxxx_DFP/1.2.33/xc8\pic\include\proc\pic16f628a.h: 527: __asm("TMR2 equ 011h");
[; <" TMR2 equ 011h ;# ">
"534
[; ;C:/Program Files/Microchip/MPLABX/v5.45/packs/Microchip/PIC16Fxxx_DFP/1.2.33/xc8\pic\include\proc\pic16f628a.h: 534: __asm("T2CON equ 012h");
[; <" T2CON equ 012h ;# ">
"605
[; ;C:/Program Files/Microchip/MPLABX/v5.45/packs/Microchip/PIC16Fxxx_DFP/1.2.33/xc8\pic\include\proc\pic16f628a.h: 605: __asm("CCPR1 equ 015h");
[; <" CCPR1 equ 015h ;# ">
"612
[; ;C:/Program Files/Microchip/MPLABX/v5.45/packs/Microchip/PIC16Fxxx_DFP/1.2.33/xc8\pic\include\proc\pic16f628a.h: 612: __asm("CCPR1L equ 015h");
[; <" CCPR1L equ 015h ;# ">
"619
[; ;C:/Program Files/Microchip/MPLABX/v5.45/packs/Microchip/PIC16Fxxx_DFP/1.2.33/xc8\pic\include\proc\pic16f628a.h: 619: __asm("CCPR1H equ 016h");
[; <" CCPR1H equ 016h ;# ">
"626
[; ;C:/Program Files/Microchip/MPLABX/v5.45/packs/Microchip/PIC16Fxxx_DFP/1.2.33/xc8\pic\include\proc\pic16f628a.h: 626: __asm("CCP1CON equ 017h");
[; <" CCP1CON equ 017h ;# ">
"684
[; ;C:/Program Files/Microchip/MPLABX/v5.45/packs/Microchip/PIC16Fxxx_DFP/1.2.33/xc8\pic\include\proc\pic16f628a.h: 684: __asm("RCSTA equ 018h");
[; <" RCSTA equ 018h ;# ">
"755
[; ;C:/Program Files/Microchip/MPLABX/v5.45/packs/Microchip/PIC16Fxxx_DFP/1.2.33/xc8\pic\include\proc\pic16f628a.h: 755: __asm("TXREG equ 019h");
[; <" TXREG equ 019h ;# ">
"762
[; ;C:/Program Files/Microchip/MPLABX/v5.45/packs/Microchip/PIC16Fxxx_DFP/1.2.33/xc8\pic\include\proc\pic16f628a.h: 762: __asm("RCREG equ 01Ah");
[; <" RCREG equ 01Ah ;# ">
"769
[; ;C:/Program Files/Microchip/MPLABX/v5.45/packs/Microchip/PIC16Fxxx_DFP/1.2.33/xc8\pic\include\proc\pic16f628a.h: 769: __asm("CMCON equ 01Fh");
[; <" CMCON equ 01Fh ;# ">
"839
[; ;C:/Program Files/Microchip/MPLABX/v5.45/packs/Microchip/PIC16Fxxx_DFP/1.2.33/xc8\pic\include\proc\pic16f628a.h: 839: __asm("OPTION_REG equ 081h");
[; <" OPTION_REG equ 081h ;# ">
"909
[; ;C:/Program Files/Microchip/MPLABX/v5.45/packs/Microchip/PIC16Fxxx_DFP/1.2.33/xc8\pic\include\proc\pic16f628a.h: 909: __asm("TRISA equ 085h");
[; <" TRISA equ 085h ;# ">
"971
[; ;C:/Program Files/Microchip/MPLABX/v5.45/packs/Microchip/PIC16Fxxx_DFP/1.2.33/xc8\pic\include\proc\pic16f628a.h: 971: __asm("TRISB equ 086h");
[; <" TRISB equ 086h ;# ">
"1033
[; ;C:/Program Files/Microchip/MPLABX/v5.45/packs/Microchip/PIC16Fxxx_DFP/1.2.33/xc8\pic\include\proc\pic16f628a.h: 1033: __asm("PIE1 equ 08Ch");
[; <" PIE1 equ 08Ch ;# ">
"1090
[; ;C:/Program Files/Microchip/MPLABX/v5.45/packs/Microchip/PIC16Fxxx_DFP/1.2.33/xc8\pic\include\proc\pic16f628a.h: 1090: __asm("PCON equ 08Eh");
[; <" PCON equ 08Eh ;# ">
"1139
[; ;C:/Program Files/Microchip/MPLABX/v5.45/packs/Microchip/PIC16Fxxx_DFP/1.2.33/xc8\pic\include\proc\pic16f628a.h: 1139: __asm("PR2 equ 092h");
[; <" PR2 equ 092h ;# ">
"1146
[; ;C:/Program Files/Microchip/MPLABX/v5.45/packs/Microchip/PIC16Fxxx_DFP/1.2.33/xc8\pic\include\proc\pic16f628a.h: 1146: __asm("TXSTA equ 098h");
[; <" TXSTA equ 098h ;# ">
"1203
[; ;C:/Program Files/Microchip/MPLABX/v5.45/packs/Microchip/PIC16Fxxx_DFP/1.2.33/xc8\pic\include\proc\pic16f628a.h: 1203: __asm("SPBRG equ 099h");
[; <" SPBRG equ 099h ;# ">
"1210
[; ;C:/Program Files/Microchip/MPLABX/v5.45/packs/Microchip/PIC16Fxxx_DFP/1.2.33/xc8\pic\include\proc\pic16f628a.h: 1210: __asm("EEDATA equ 09Ah");
[; <" EEDATA equ 09Ah ;# ">
"1217
[; ;C:/Program Files/Microchip/MPLABX/v5.45/packs/Microchip/PIC16Fxxx_DFP/1.2.33/xc8\pic\include\proc\pic16f628a.h: 1217: __asm("EEADR equ 09Bh");
[; <" EEADR equ 09Bh ;# ">
"1224
[; ;C:/Program Files/Microchip/MPLABX/v5.45/packs/Microchip/PIC16Fxxx_DFP/1.2.33/xc8\pic\include\proc\pic16f628a.h: 1224: __asm("EECON1 equ 09Ch");
[; <" EECON1 equ 09Ch ;# ">
"1262
[; ;C:/Program Files/Microchip/MPLABX/v5.45/packs/Microchip/PIC16Fxxx_DFP/1.2.33/xc8\pic\include\proc\pic16f628a.h: 1262: __asm("EECON2 equ 09Dh");
[; <" EECON2 equ 09Dh ;# ">
"1269
[; ;C:/Program Files/Microchip/MPLABX/v5.45/packs/Microchip/PIC16Fxxx_DFP/1.2.33/xc8\pic\include\proc\pic16f628a.h: 1269: __asm("VRCON equ 09Fh");
[; <" VRCON equ 09Fh ;# ">
"28 main.c
[; ;main.c: 28: int count;
[v _count `i ~T0 @X0 1 e ]
"29
[; ;main.c: 29: int tempo = 15;
[v _tempo `i ~T0 @X0 1 e ]
[i _tempo
-> 15 `i
]
"30
[; ;main.c: 30: int gameChoose=0;
[v _gameChoose `i ~T0 @X0 1 e ]
[i _gameChoose
-> 0 `i
]
[v $root$_main `(v ~T0 @X0 0 e ]
"32
[; ;main.c: 32: void main(void) {
[v _main `(v ~T0 @X0 1 ef ]
{
[e :U _main ]
[f ]
"34
[; ;main.c: 34:     int button,oldButton;
[v _button `i ~T0 @X0 1 a ]
[v _oldButton `i ~T0 @X0 1 a ]
"35
[; ;main.c: 35:     INTCON = 0xA0;
[e = _INTCON -> -> 160 `i `uc ]
"36
[; ;main.c: 36:     OPTION_REG = 0x07;
[e = _OPTION_REG -> -> 7 `i `uc ]
"37
[; ;main.c: 37:     TRISB = 0x00;
[e = _TRISB -> -> 0 `i `uc ]
"38
[; ;main.c: 38:     PORTB = 0xFF;
[e = _PORTB -> -> 255 `i `uc ]
"39
[; ;main.c: 39:     TRISA = 0b00000100;
[e = _TRISA -> -> 4 `i `uc ]
"41
[; ;main.c: 41:     count = 0;
[e = _count -> 0 `i ]
"43
[; ;main.c: 43:     while(1){
[e :U 53 ]
{
"44
[; ;main.c: 44:         button = !(PORTA & 0x04);
[e = _button -> ! != & -> _PORTA `i -> 4 `i -> 0 `i `i ]
"45
[; ;main.c: 45:         if((button == 1) && (oldButton == 0)) {
[e $ ! && == _button -> 1 `i == _oldButton -> 0 `i 55  ]
{
"48
[; ;main.c: 48:             _delay((unsigned long)((20)*(8000000/4000.0)));
[e ( __delay (1 -> * -> -> 20 `i `d / -> -> 8000000 `l `d .4000.0 `ul ]
"49
[; ;main.c: 49:             button = !(PORTA & 0x04);
[e = _button -> ! != & -> _PORTA `i -> 4 `i -> 0 `i `i ]
"50
[; ;main.c: 50:             if((button == 1) && (oldButton == 0)){
[e $ ! && == _button -> 1 `i == _oldButton -> 0 `i 56  ]
{
"51
[; ;main.c: 51:                 gameChoose++;
[e ++ _gameChoose -> 1 `i ]
"52
[; ;main.c: 52:                 tempo += tempo;
[e =+ _tempo _tempo ]
"53
[; ;main.c: 53:                 if(gameChoose > 3){
[e $ ! > _gameChoose -> 3 `i 57  ]
{
"54
[; ;main.c: 54:                     gameChoose = 0;
[e = _gameChoose -> 0 `i ]
"55
[; ;main.c: 55:                     tempo = 15;
[e = _tempo -> 15 `i ]
"56
[; ;main.c: 56:                 }
}
[e :U 57 ]
"57
[; ;main.c: 57:             }
}
[e :U 56 ]
"58
[; ;main.c: 58:         }
}
[e :U 55 ]
"59
[; ;main.c: 59:         oldButton = button;
[e = _oldButton _button ]
"60
[; ;main.c: 60:     }
}
[e :U 52 ]
[e $U 53  ]
[e :U 54 ]
"61
[; ;main.c: 61:     return;
[e $UE 51  ]
"62
[; ;main.c: 62: }
[e :UE 51 ]
}
[v $root$_lampeggio `(v ~T0 @X0 0 e ]
"64
[; ;main.c: 64: void __attribute__((picinterrupt(("")))) lampeggio(){
[v _lampeggio `(v ~T1 @X0 1 ef ]
{
[e :U _lampeggio ]
[f ]
"66
[; ;main.c: 66:     if(INTCON & 0x04){
[e $ ! != & -> _INTCON `i -> 4 `i -> 0 `i 59  ]
{
"67
[; ;main.c: 67:         count ++;
[e ++ _count -> 1 `i ]
"69
[; ;main.c: 69:         if(count > tempo){
[e $ ! > _count _tempo 60  ]
{
"70
[; ;main.c: 70:             PORTB = ~PORTB;
[e = _PORTB -> ~ -> _PORTB `i `uc ]
"71
[; ;main.c: 71:             count = 0;
[e = _count -> 0 `i ]
"72
[; ;main.c: 72:         }
}
[e :U 60 ]
"74
[; ;main.c: 74:         INTCON = INTCON & ~0x04;
[e = _INTCON -> & -> _INTCON `i ~ -> 4 `i `uc ]
"75
[; ;main.c: 75:     }
}
[e :U 59 ]
"78
[; ;main.c: 78:     return;
[e $UE 58  ]
"79
[; ;main.c: 79: }
[e :UE 58 ]
}
